Build started 2/21/2015 12:02:38 PM.
     1>Project "C:\Users\Eure Kids\Documents\Visual Studio 2012\Projects\Practice programs\Practice programs\Practice programs.vcxproj" on node 2 (Build target(s)).
     1>ClCompile:
         C:\Program Files (x86)\Microsoft Visual Studio 11.0\VC\bin\CL.exe /c /ZI /nologo /W3 /WX- /sdl /Od /Oy- /D _MBCS /Gm /EHsc /RTC1 /MDd /GS /fp:precise /Zc:wchar_t /Zc:forScope /Fo"Debug\\" /Fd"Debug\vc110.pdb" /Gd /TP /analyze- /errorReport:prompt Compass.cpp
         Compass.cpp
     1>c:\users\eure kids\documents\visual studio 2012\projects\practice programs\practice programs\compass.cpp(79): error C4716: 'asd' : must return a value
     1>Done Building Project "C:\Users\Eure Kids\Documents\Visual Studio 2012\Projects\Practice programs\Practice programs\Practice programs.vcxproj" (Build target(s)) -- FAILED.

Build FAILED.

Time Elapsed 00:00:00.57
